#
# A fatal error has been detected by the Java Runtime Environment:
#
#  EXCEPTION_ACCESS_VIOLATION (0xc0000005) at pc=0x000007fef7353167, pid=2716, tid=7136
#
# JRE version: Java(TM) SE Runtime Environment (7.0_51-b13) (build 1.7.0_51-b13)
# Java VM: Java HotSpot(TM) 64-Bit Server VM (24.51-b03 mixed mode windows-amd64 compressed oops)
# Problematic frame:
# C  [OpenCL.dll+0x3167]
#
# Failed to write core dump. Minidumps are not enabled by default on client versions of Windows
#
# If you would like to submit a bug report, please visit:
#   http://bugreport.sun.com/bugreport/crash.jsp
# The crash happened outside the Java Virtual Machine in native code.
# See problematic frame for where to report the bug.
#

---------------  T H R E A D  ---------------

Current thread (0x00000000021be800):  JavaThread "main" [_thread_in_native, id=7136, stack(0x0000000002470000,0x0000000002570000)]

siginfo: ExceptionCode=0xc0000005, reading address 0x0000000000000096

Registers:
RAX=0x0000000000000096, RBX=0x000000000c244200, RCX=0x0000000000000003, RDX=0x000000000eb4e0c0
RSP=0x000000000256ed78, RBP=0x000000000eb4e0c0, RSI=0x0000000000000003, RDI=0x0000000000000005
R8 =0x0000000000000042, R9 =0x000000077c305f88, R10=0x000000000ad440e0, R11=0x000000000256eca0
R12=0x0000000000000000, R13=0x00000000021be9e8, R14=0x0000000000000005, R15=0x0000000000000005
RIP=0x000007fef7353167, EFLAGS=0x0000000000010206

Top of Stack: (sp=0x000000000256ed78)
0x000000000256ed78:   000007fef72d7fbd 000000000eb4e0c0
0x000000000256ed88:   0000000000000000 0000000000000005
0x000000000256ed98:   000007fef72f6000 000000000256ee40
0x000000000256eda8:   0000000000000004 000000000c244200
0x000000000256edb8:   000000000c244208 000000000eb4e0c8
0x000000000256edc8:   000000077be4be97 000000000eb4e0c0
0x000000000256edd8:   00000000369944a0 0000000000000000
0x000000000256ede8:   0000000012370cb0 000000000c0a3aa0
0x000000000256edf8:   000000006ded3e18 00000000021be800
0x000000000256ee08:   000000000256eef0 000000077c0a3810
0x000000000256ee18:   0000000000000000 0000000000000005
0x000000000256ee28:   00000000ef7d39a1 000000000256eec0
0x000000000256ee38:   00000000025893a9 0000000700000003
0x000000000256ee48:   000000077c0a3810 000000000256ee50
0x000000000256ee58:   000000000256eee0 000000000256eea0
0x000000000256ee68:   000000077bea3b10 000000077c3119f0 

Instructions: (pc=0x000007fef7353167)
0x000007fef7353147:   48 ff a0 20 03 00 00 cc cc 85 c9 74 1d 48 85 d2
0x000007fef7353157:   74 18 48 8b 02 48 85 c0 75 06 b8 c6 ff ff ff c3
0x000007fef7353167:   48 8b 00 48 ff a0 48 01 00 00 b8 e2 ff ff ff c3
0x000007fef7353177:   cc cc cc cc cc cc cc cc cc 48 85 c9 74 0c 48 85 


Register to memory mapping:

RAX=0x0000000000000096 is an unknown value
RBX=0x000000000c244200 is an unknown value
RCX=0x0000000000000003 is an unknown value
RDX=0x000000000eb4e0c0 is an unknown value
RSP=0x000000000256ed78 is pointing into the stack for thread: 0x00000000021be800
RBP=0x000000000eb4e0c0 is an unknown value
RSI=0x0000000000000003 is an unknown value
RDI=0x0000000000000005 is an unknown value
R8 =0x0000000000000042 is an unknown value
R9 =0x000000077c305f88 is an oop
{instance class} 
 - klass: {other class}
R10=0x000000000ad440e0 is an unknown value
R11=0x000000000256eca0 is pointing into the stack for thread: 0x00000000021be800
R12=0x0000000000000000 is an unknown value
R13=0x00000000021be9e8 is an unknown value
R14=0x0000000000000005 is an unknown value
R15=0x0000000000000005 is an unknown value


Stack: [0x0000000002470000,0x0000000002570000],  sp=0x000000000256ed78,  free space=1019k
Native frames: (J=compiled Java code, j=interpreted, Vv=VM code, C=native code)
C  [OpenCL.dll+0x3167]

Java frames: (J=compiled Java code, j=interpreted, Vv=VM code)
j  com.amd.aparapi.OpenCLJNI.invoke(Lcom/amd/aparapi/OpenCLKernel;[Ljava/lang/Object;)V+0
j  com.amd.aparapi.OpenCLKernel.invoke([Ljava/lang/Object;)V+5
j  com.amd.aparapi.OpenCLDevice$OpenCLInvocationHandler.invoke(Ljava/lang/Object;Ljava/lang/reflect/Method;[Ljava/lang/Object;)Ljava/lang/Object;+33
j  org.stream_gpu.knn.aparapi.$Proxy10.kernel__scan_block_anylength(Lcom/amd/aparapi/Range;[I[IIII)Lorg/stream_gpu/knn/aparapi/PrefixSum$ScanBlockAnyLength;+49
j  org.stream_gpu.knn.aparapi.PrefixSum.prefixSum(Lcom/amd/aparapi/Device;I[I)[I+74
j  org.stream_gpu.knn.aparapi.BucketSelect.select(Lcom/amd/aparapi/Device;[FI)[F+109
j  org.stream_gpu.knn.aparapi.BucketSelect.main([Ljava/lang/String;)V+59
v  ~StubRoutines::call_stub

---------------  P R O C E S S  ---------------

Java Threads: ( => current thread )
  0x000000000c115000 JavaThread "Service Thread" daemon [_thread_blocked, id=3792, stack(0x000000000e730000,0x000000000e830000)]
  0x000000000c10b000 JavaThread "C2 CompilerThread1" daemon [_thread_blocked, id=6508, stack(0x000000000e4a0000,0x000000000e5a0000)]
  0x000000000c107000 JavaThread "C2 CompilerThread0" daemon [_thread_blocked, id=5952, stack(0x000000000e5e0000,0x000000000e6e0000)]
  0x000000000c0f4000 JavaThread "JDWP Command Reader" daemon [_thread_in_native, id=4448, stack(0x000000000e340000,0x000000000e440000)]
  0x000000000c0ef000 JavaThread "JDWP Event Helper Thread" daemon [_thread_blocked, id=5688, stack(0x000000000de90000,0x000000000df90000)]
  0x000000000af3d800 JavaThread "JDWP Transport Listener: dt_socket" daemon [_thread_blocked, id=6148, stack(0x000000000e170000,0x000000000e270000)]
  0x000000000af35800 JavaThread "Attach Listener" daemon [_thread_blocked, id=4728, stack(0x000000000d620000,0x000000000d720000)]
  0x000000000af34000 JavaThread "Signal Dispatcher" daemon [_thread_blocked, id=1604, stack(0x000000000d4a0000,0x000000000d5a0000)]
  0x00000000022be000 JavaThread "Finalizer" daemon [_thread_blocked, id=4388, stack(0x000000000d0b0000,0x000000000d1b0000)]
  0x00000000022b7800 JavaThread "Reference Handler" daemon [_thread_blocked, id=6168, stack(0x000000000d300000,0x000000000d400000)]
=>0x00000000021be800 JavaThread "main" [_thread_in_native, id=7136, stack(0x0000000002470000,0x0000000002570000)]

Other Threads:
  0x000000000af1c800 VMThread [stack: 0x000000000d1d0000,0x000000000d2d0000] [id=3964]
  0x000000000c11f800 WatcherThread [stack: 0x000000000e8f0000,0x000000000e9f0000] [id=5180]

VM state:not at safepoint (normal execution)

VM Mutex/Monitor currently owned by a thread: None

Heap
 PSYoungGen      total 38400K, used 24165K [0x00000007d5a80000, 0x00000007d8500000, 0x0000000800000000)
  eden space 33280K, 72% used [0x00000007d5a80000,0x00000007d72194f8,0x00000007d7b00000)
  from space 5120K, 0% used [0x00000007d8000000,0x00000007d8000000,0x00000007d8500000)
  to   space 5120K, 0% used [0x00000007d7b00000,0x00000007d7b00000,0x00000007d8000000)
 ParOldGen       total 86528K, used 0K [0x0000000781000000, 0x0000000786480000, 0x00000007d5a80000)
  object space 86528K, 0% used [0x0000000781000000,0x0000000781000000,0x0000000786480000)
 PSPermGen       total 21504K, used 5191K [0x000000077be00000, 0x000000077d300000, 0x0000000781000000)
  object space 21504K, 24% used [0x000000077be00000,0x000000077c311fd8,0x000000077d300000)

Card table byte_map: [0x0000000005570000,0x00000000059a0000] byte_map_base: 0x0000000001991000

Polling page: 0x0000000000320000

Code Cache  [0x0000000002570000, 0x00000000027e0000, 0x0000000005570000)
 total_blobs=259 nmethods=50 adapters=170 free_code_cache=48648Kb largest_free_block=49787968

Compilation events (10 events):
Event: 27.821 Thread 0x000000000c107000   46   !         com.amd.aparapi.OpenCLDevice::streamToString (87 bytes)
Event: 27.830 Thread 0x000000000c107000 nmethod 46 0x00000000025e7910 code [0x00000000025e7b20, 0x00000000025e8090]
Event: 28.332 Thread 0x000000000c10b000   47             java.io.Win32FileSystem::isSlash (18 bytes)
Event: 28.332 Thread 0x000000000c10b000 nmethod 47 0x00000000025e1450 code [0x00000000025e1580, 0x00000000025e15f8]
Event: 29.174 Thread 0x000000000c107000   48  s          java.lang.StringBuffer::append (8 bytes)
Event: 29.180 Thread 0x000000000c107000 nmethod 48 0x00000000025e9510 code [0x00000000025e9660, 0x00000000025e9c78]
Event: 29.280 Thread 0x000000000c10b000   49   !         sun.net.www.ParseUtil::decode (316 bytes)
Event: 29.308 Thread 0x000000000c10b000 nmethod 49 0x00000000025f0d50 code [0x00000000025f0fe0, 0x00000000025f1e58]
Event: 29.498 Thread 0x000000000c107000   50             java.io.Win32FileSystem::normalize (231 bytes)
Event: 29.520 Thread 0x000000000c107000 nmethod 50 0x00000000025f3350 code [0x00000000025f3560, 0x00000000025f4308]

GC Heap History (0 events):
No events

Deoptimization events (0 events):
No events

Internal exceptions (10 events):
Event: 21.520 Thread 0x00000000021be800 Threw 0x00000007d6309638 at C:\re\jdk7u51\527\hotspot\src\share\vm\prims\jvm.cpp:1244
Event: 21.525 Thread 0x00000000021be800 Threw 0x00000007d632a400 at C:\re\jdk7u51\527\hotspot\src\share\vm\prims\jvm.cpp:1244
Event: 21.528 Thread 0x00000000021be800 Threw 0x00000007d633a008 at C:\re\jdk7u51\527\hotspot\src\share\vm\prims\jvm.cpp:1244
Event: 21.532 Thread 0x00000000021be800 Threw 0x00000007d6349f58 at C:\re\jdk7u51\527\hotspot\src\share\vm\prims\jvm.cpp:1244
Event: 21.536 Thread 0x00000000021be800 Threw 0x00000007d635abc8 at C:\re\jdk7u51\527\hotspot\src\share\vm\prims\jvm.cpp:1244
Event: 21.536 Thread 0x00000000021be800 Threw 0x00000007d635d778 at C:\re\jdk7u51\527\hotspot\src\share\vm\prims\jvm.cpp:1244
Event: 21.638 Thread 0x00000000021be800 Threw 0x00000007d6364c30 at C:\re\jdk7u51\527\hotspot\src\share\vm\prims\jvm.cpp:1244
Event: 21.639 Thread 0x00000000021be800 Threw 0x00000007d6369248 at C:\re\jdk7u51\527\hotspot\src\share\vm\prims\jvm.cpp:1244
Event: 21.640 Thread 0x00000000021be800 Threw 0x00000007d636cc00 at C:\re\jdk7u51\527\hotspot\src\share\vm\prims\jvm.cpp:1244
Event: 21.648 Thread 0x00000000021be800 Threw 0x00000007d63903a8 at C:\re\jdk7u51\527\hotspot\src\share\vm\prims\jvm.cpp:1244

Events (10 events):
Event: 21.536 loading class 0x000000000c166660
Event: 21.536 loading class 0x000000000c166660 done
Event: 21.638 loading class 0x000000000c178430
Event: 21.638 loading class 0x000000000c178430 done
Event: 21.639 loading class 0x000000000c178460
Event: 21.639 loading class 0x000000000c178460 done
Event: 21.640 loading class 0x000000000c16f340
Event: 21.640 loading class 0x000000000c16f340 done
Event: 21.648 loading class 0x000000000c18ee40
Event: 21.648 loading class 0x000000000c18ee40 done


Dynamic libraries:
0x000000013fc90000 - 0x000000013fcc3000 	C:\Program Files\Java\jre7\bin\javaw.exe
0x0000000077990000 - 0x0000000077b39000 	C:\windows\SYSTEM32\ntdll.dll
0x0000000077770000 - 0x000000007788f000 	C:\windows\system32\kernel32.dll
0x000007fefd8f0000 - 0x000007fefd95c000 	C:\windows\system32\KERNELBASE.dll
0x000007fefee80000 - 0x000007fefef5b000 	C:\windows\system32\ADVAPI32.dll
0x000007feff240000 - 0x000007feff2df000 	C:\windows\system32\msvcrt.dll
0x000007feff0f0000 - 0x000007feff10f000 	C:\windows\SYSTEM32\sechost.dll
0x000007feff730000 - 0x000007feff85d000 	C:\windows\system32\RPCRT4.dll
0x0000000077890000 - 0x000000007798a000 	C:\windows\system32\USER32.dll
0x000007feff550000 - 0x000007feff5b7000 	C:\windows\system32\GDI32.dll
0x000007feff5c0000 - 0x000007feff5ce000 	C:\windows\system32\LPK.dll
0x000007feff110000 - 0x000007feff1d9000 	C:\windows\system32\USP10.dll
0x000007fefc320000 - 0x000007fefc514000 	C:\windows\WinSxS\amd64_microsoft.windows.common-controls_6595b64144ccf1df_6.0.7601.17514_none_fa396087175ac9ac\COMCTL32.dll
0x000007feff4d0000 - 0x000007feff541000 	C:\windows\system32\SHLWAPI.dll
0x000007fefdb80000 - 0x000007fefdbae000 	C:\windows\system32\IMM32.DLL
0x000007fefef60000 - 0x000007feff069000 	C:\windows\system32\MSCTF.dll
0x000000005e300000 - 0x000000005e3d2000 	C:\Program Files\Java\jre7\bin\msvcr100.dll
0x000000006de10000 - 0x000000006e5d9000 	C:\Program Files\Java\jre7\bin\server\jvm.dll
0x000007fef6fc0000 - 0x000007fef6fc9000 	C:\windows\system32\WSOCK32.dll
0x000007fefdfe0000 - 0x000007fefe02d000 	C:\windows\system32\WS2_32.dll
0x000007feff2e0000 - 0x000007feff2e8000 	C:\windows\system32\NSI.dll
0x000007fefb7c0000 - 0x000007fefb7fb000 	C:\windows\system32\WINMM.dll
0x0000000077b60000 - 0x0000000077b67000 	C:\windows\system32\PSAPI.DLL
0x00000000707e0000 - 0x00000000707ef000 	C:\Program Files\Java\jre7\bin\verify.dll
0x0000000065420000 - 0x0000000065448000 	C:\Program Files\Java\jre7\bin\java.dll
0x0000000061670000 - 0x00000000616a5000 	C:\Program Files\Java\jre7\bin\jdwp.dll
0x00000000703f0000 - 0x00000000703f8000 	C:\Program Files\Java\jre7\bin\npt.dll
0x0000000070400000 - 0x0000000070415000 	C:\Program Files\Java\jre7\bin\zip.dll
0x00000000707f0000 - 0x00000000707f9000 	C:\Program Files\Java\jre7\bin\dt_socket.dll
0x000007fefb800000 - 0x000007fefb815000 	C:\windows\system32\NLAapi.dll
0x000007fef9420000 - 0x000007fef9435000 	C:\windows\system32\napinsp.dll
0x000007fef9400000 - 0x000007fef9419000 	C:\windows\system32\pnrpnsp.dll
0x000007fef93f0000 - 0x000007fef9400000 	C:\windows\system32\wshbth.dll
0x000007fefcf60000 - 0x000007fefcfb5000 	C:\windows\System32\mswsock.dll
0x000007fefcde0000 - 0x000007fefce3b000 	C:\windows\system32\DNSAPI.dll
0x000007fef93e0000 - 0x000007fef93eb000 	C:\windows\System32\winrnr.dll
0x000007fef93b0000 - 0x000007fef93df000 	C:\Program Files\Common Files\Microsoft Shared\Windows Live\WLIDNSP.DLL
0x000007fefb480000 - 0x000007fefb4a7000 	C:\windows\system32\IPHLPAPI.DLL
0x000007fefb460000 - 0x000007fefb46b000 	C:\windows\system32\WINNSI.DLL
0x000007fefb310000 - 0x000007fefb363000 	C:\windows\System32\fwpuclnt.dll
0x000007fef83d0000 - 0x000007fef83d8000 	C:\windows\system32\rasadhlp.dll
0x000007fefc930000 - 0x000007fefc937000 	C:\windows\System32\wshtcpip.dll
0x000007fef72d0000 - 0x000007fef72fe000 	C:\Users\ллл\Documents\GitHub\streamgpu\gpu_aparapi\aparapi_x86_64.dll
0x000007fef7350000 - 0x000007fef7366000 	C:\windows\system32\OpenCL.dll
0x000007fedf020000 - 0x000007fee0bfb000 	C:\windows\system32\amdocl64.dll
0x000007fef5380000 - 0x000007fef549d000 	C:\windows\system32\OPENGL32.dll
0x000007fef5dc0000 - 0x000007fef5ded000 	C:\windows\system32\GLU32.dll
0x000007fef4530000 - 0x000007fef4621000 	C:\windows\system32\DDRAW.dll
0x000007fef5ef0000 - 0x000007fef5ef8000 	C:\windows\system32\DCIMAN32.dll
0x000007feff2f0000 - 0x000007feff4c7000 	C:\windows\system32\SETUPAPI.dll
0x000007fefdb40000 - 0x000007fefdb76000 	C:\windows\system32\CFGMGR32.dll
0x000007fefdf00000 - 0x000007fefdfd7000 	C:\windows\system32\OLEAUT32.dll
0x000007feff860000 - 0x000007feffa63000 	C:\windows\system32\ole32.dll
0x000007fefd8a0000 - 0x000007fefd8ba000 	C:\windows\system32\DEVOBJ.dll
0x000007fefb980000 - 0x000007fefb998000 	C:\windows\system32\dwmapi.dll
0x000007fef70f0000 - 0x000007fef7215000 	C:\windows\system32\dbghelp.dll
0x000007fef6ed0000 - 0x000007fef6ef9000 	C:\windows\system32\atig6txx.dll
0x000007fefc840000 - 0x000007fefc84c000 	C:\windows\system32\VERSION.dll
0x000007fefd970000 - 0x000007fefd9aa000 	C:\windows\system32\WINTRUST.dll
0x000007fefd9d0000 - 0x000007fefdb3c000 	C:\windows\system32\CRYPT32.dll
0x000007fefd7d0000 - 0x000007fefd7df000 	C:\windows\system32\MSASN1.dll
0x000000005b070000 - 0x000000005b7a7000 	C:\windows\system32\atiumd6a.dll
0x000007fefa5c0000 - 0x000007fefa6ef000 	C:\windows\system32\atiadlxx.dll
0x000007fefe0d0000 - 0x000007fefee58000 	C:\windows\system32\SHELL32.dll
0x000007fefc1a0000 - 0x000007fefc2cc000 	C:\windows\system32\PROPSYS.dll
0x000007fefd8c0000 - 0x000007fefd8de000 	C:\windows\system32\USERENV.dll
0x000007fefd7c0000 - 0x000007fefd7cf000 	C:\windows\system32\profapi.dll
0x000007fefc850000 - 0x000007fefc861000 	C:\windows\system32\WTSAPI32.dll
0x000007fef6fe0000 - 0x000007fef7002000 	C:\windows\system32\IntelOpenCL64.dll
0x0000000067910000 - 0x00000000679e3000 	C:\windows\WinSxS\amd64_microsoft.vc90.crt_1fc8b3b9a1e18e3b_9.0.30729.6161_none_08e61857a83bc251\MSVCP90.dll
0x0000000067860000 - 0x0000000067903000 	C:\windows\WinSxS\amd64_microsoft.vc90.crt_1fc8b3b9a1e18e3b_9.0.30729.6161_none_08e61857a83bc251\MSVCR90.dll
0x000007feed710000 - 0x000007feed7b8000 	C:\Program Files (x86)\Intel\OpenCL SDK\2.0\bin\x64\intelocl.dll
0x000007fee1640000 - 0x000007fee27d6000 	C:\Program Files (x86)\Intel\OpenCL SDK\2.0\bin\x64\clang_compiler.dll
0x000007fef6e90000 - 0x000007fef6ea5000 	C:\Program Files (x86)\Intel\OpenCL SDK\2.0\bin\x64\task_executor.dll
0x0000000180000000 - 0x000000018004b000 	C:\Program Files (x86)\Intel\OpenCL SDK\2.0\bin\x64\tbb.dll
0x000007fef6e30000 - 0x000007fef6e86000 	C:\Program Files (x86)\Intel\OpenCL SDK\2.0\bin\x64\cpu_device.dll

VM Arguments:
jvm_args: -agentlib:jdwp=transport=dt_socket,suspend=y,address=localhost:53835 -Dfile.encoding=Cp1251 
java_command: org.stream_gpu.knn.aparapi.BucketSelect
Launcher Type: SUN_STANDARD

Environment Variables:
JAVA_HOME=C:\java\jdk
CLASSPATH=C:/HADOOP-0.22/hadoop-common-0.22.0.jar;C:/HADOOP-0.22/hadoop-hdfs-0.22.0.jar;C:/HADOOP-0.22/hadoop-hdfs-ant-0.22.0.jar;c:/HADOOP-0.22/hadoop-mapred-0.22.0.jar;C:/HADOOP-0.22/hadoop-mapred-tools-0.22.0.jar
USERNAME=ллл
OS=Windows_NT
PROCESSOR_IDENTIFIER=Intel64 Family 6 Model 30 Stepping 5, GenuineIntel



---------------  S Y S T E M  ---------------

OS: Windows 7 , 64 bit Build 7601 Service Pack 1

CPU:total 8 (4 cores per cpu, 2 threads per core) family 6 model 30 stepping 5, cmov, cx8, fxsr, mmx, sse, sse2, sse3, ssse3, sse4.1, sse4.2, popcnt, ht, tsc, tscinvbit

Memory: 4k page, physical 8319552k(3750792k free), swap 16637240k(10418416k free)

vm_info: Java HotSpot(TM) 64-Bit Server VM (24.51-b03) for windows-amd64 JRE (1.7.0_51-b13), built on Dec 18 2013 18:40:56 by "java_re" with unknown MS VC++:1600

time: Tue Jul 22 19:50:13 2014
elapsed time: 33 seconds

