#
# A fatal error has been detected by the Java Runtime Environment:
#
#  EXCEPTION_ACCESS_VIOLATION (0xc0000005) at pc=0x000000006ee9e161, pid=9800, tid=8236
#
# JRE version: Java(TM) SE Runtime Environment (7.0_51-b13) (build 1.7.0_51-b13)
# Java VM: Java HotSpot(TM) 64-Bit Server VM (24.51-b03 mixed mode windows-amd64 compressed oops)
# Problematic frame:
# V  [jvm.dll+0x1ee161]
#
# Failed to write core dump. Minidumps are not enabled by default on client versions of Windows
#
# If you would like to submit a bug report, please visit:
#   http://bugreport.sun.com/bugreport/crash.jsp
#

---------------  T H R E A D  ---------------

Current thread (0x0000000001f9e800):  JavaThread "main" [_thread_in_vm, id=8236, stack(0x0000000002110000,0x0000000002210000)]

siginfo: ExceptionCode=0xc0000005, reading address 0x000000003f800000

Registers:
RAX=0x000000003f800000, RBX=0x000000003f800000, RCX=0x0000000000000000, RDX=0x00000007d63c5ab8
RSP=0x000000000220f0a0, RBP=0x0000000001f9e800, RSI=0x00000007d63c5ab8, RDI=0x0000000001eacdb8
R8 =0x000000003f800000, R9 =0x00000007d63c5ab8, R10=0x000000006f3f4c50, R11=0x000000000220f1a0
R12=0x0000000000000000, R13=0x000000077c169ea8, R14=0x000000000220f288, R15=0x0000000001f9e800
RIP=0x000000006ee9e161, EFLAGS=0x0000000000010206

Top of Stack: (sp=0x000000000220f0a0)
0x000000000220f0a0:   000000077c0b0ce0 000000003f800000
0x000000000220f0b0:   0000000001f9e800 000000000220f110
0x000000000220f0c0:   0000000002216314 0000000000000000
0x000000000220f0d0:   0000000001f9e800 000000000220f288
0x000000000220f0e0:   000000077c169ea8 0000000000000000
0x000000000220f0f0:   000000003f800000 000000006ee9ec2f
0x000000000220f100:   00000007d63c5ab8 000000000220f208
0x000000000220f110:   0000000001f9e800 0000000002229bf2
0x000000000220f120:   00000000ef860f43 000000006ed49fc8
0x000000000220f130:   000000000220f1b8 0000000001f9e800
0x000000000220f140:   000000000220f140 0000000000000000
0x000000000220f150:   000000000220f198 000000077beaa188
0x000000000220f160:   00000000022162b5 00000000022368de
0x000000000220f170:   0000000001f9e800 000000077c16a0c8
0x000000000220f180:   000000000220f208 00000000022162b5
0x000000000220f190:   0000000000000000 00000000022368a6 

Instructions: (pc=0x000000006ee9e161)
0x000000006ee9e141:   05 c6 a3 50 00 33 c9 89 47 68 ff 15 7f e4 51 00
0x000000006ee9e151:   48 3b c3 0f 85 37 01 00 00 48 8b c3 48 83 e0 fd
0x000000006ee9e161:   48 8b 00 48 89 07 48 89 5f 18 4c 89 67 28 48 89
0x000000006ee9e171:   77 08 48 8b 06 48 85 c0 74 24 4c 8d 0d 8e 2a 39 


Register to memory mapping:

RAX=0x000000003f800000 is an unknown value
RBX=0x000000003f800000 is an unknown value
RCX=0x0000000000000000 is an unknown value
RDX=0x00000007d63c5ab8 is an oop
com.amd.aparapi.KernelRunner 
 - klass: 'com/amd/aparapi/KernelRunner'
RSP=0x000000000220f0a0 is pointing into the stack for thread: 0x0000000001f9e800
RBP=0x0000000001f9e800 is a thread
RSI=0x00000007d63c5ab8 is an oop
com.amd.aparapi.KernelRunner 
 - klass: 'com/amd/aparapi/KernelRunner'
RDI=0x0000000001eacdb8 is an unknown value
R8 =0x000000003f800000 is an unknown value
R9 =0x00000007d63c5ab8 is an oop
com.amd.aparapi.KernelRunner 
 - klass: 'com/amd/aparapi/KernelRunner'
R10=0x000000006f3f4c50 is an unknown value
R11=0x000000000220f1a0 is pointing into the stack for thread: 0x0000000001f9e800
R12=0x0000000000000000 is an unknown value
R13=0x000000077c169ea8 is pointing into object: 0x000000077c169558
{constMethod} 
 - klass: {other class}
 - constants:       0x000000077c162f08 constant pool [1208] for 'com/amd/aparapi/KernelRunner' cache=0x000000077c16c4c8
 - stackmap data:       [B
bci_from(000000077C169EA8) = 2320; print_codes():
R14=0x000000000220f288 is pointing into the stack for thread: 0x0000000001f9e800
R15=0x0000000001f9e800 is a thread


Stack: [0x0000000002110000,0x0000000002210000],  sp=0x000000000220f0a0,  free space=1020k
Native frames: (J=compiled Java code, j=interpreted, Vv=VM code, C=native code)
V  [jvm.dll+0x1ee161]

Java frames: (J=compiled Java code, j=interpreted, Vv=VM code)
j  com.amd.aparapi.KernelRunner.execute(Ljava/lang/String;Lcom/amd/aparapi/Range;I)Lcom/amd/aparapi/Kernel;+2320
j  com.amd.aparapi.Kernel.execute(Ljava/lang/String;Lcom/amd/aparapi/Range;I)Lcom/amd/aparapi/Kernel;+26
j  com.amd.aparapi.Kernel.execute(Lcom/amd/aparapi/Range;I)Lcom/amd/aparapi/Kernel;+5
j  com.amd.aparapi.Kernel.execute(Lcom/amd/aparapi/Range;)Lcom/amd/aparapi/Kernel;+3
j  org.stream_gpu.knn.aparapi.BucketSelect.select(Lcom/amd/aparapi/Device;[FI)[F+220
j  org.stream_gpu.knn.aparapi.BucketSelect.main([Ljava/lang/String;)V+60
v  ~StubRoutines::call_stub

---------------  P R O C E S S  ---------------

Java Threads: ( => current thread )
  0x000000000bc76000 JavaThread "Service Thread" daemon [_thread_blocked, id=3104, stack(0x000000000e0f0000,0x000000000e1f0000)]
  0x000000000bc74800 JavaThread "C2 CompilerThread1" daemon [_thread_blocked, id=7448, stack(0x000000000d980000,0x000000000da80000)]
  0x000000000bc71000 JavaThread "C2 CompilerThread0" daemon [_thread_blocked, id=11476, stack(0x000000000deb0000,0x000000000dfb0000)]
  0x000000000bc54000 JavaThread "JDWP Command Reader" daemon [_thread_in_native, id=11472, stack(0x000000000dcf0000,0x000000000ddf0000)]
  0x000000000bc53000 JavaThread "JDWP Event Helper Thread" daemon [_thread_blocked, id=9808, stack(0x000000000db70000,0x000000000dc70000)]
  0x000000000bc45000 JavaThread "JDWP Transport Listener: dt_socket" daemon [_thread_blocked, id=6468, stack(0x000000000d690000,0x000000000d790000)]
  0x000000000aa97000 JavaThread "Attach Listener" daemon [_thread_blocked, id=7732, stack(0x000000000d270000,0x000000000d370000)]
  0x000000000aa96000 JavaThread "Signal Dispatcher" daemon [_thread_blocked, id=12140, stack(0x000000000d060000,0x000000000d160000)]
  0x000000000aa80000 JavaThread "Finalizer" daemon [_thread_blocked, id=3340, stack(0x000000000ce20000,0x000000000cf20000)]
  0x000000000aa7f000 JavaThread "Reference Handler" daemon [_thread_blocked, id=7880, stack(0x0000000006060000,0x0000000006160000)]
=>0x0000000001f9e800 JavaThread "main" [_thread_in_vm, id=8236, stack(0x0000000002110000,0x0000000002210000)]

Other Threads:
  0x000000000bc03800 VMThread [stack: 0x000000000cbf0000,0x000000000ccf0000] [id=9152]
  0x000000000bc8f000 WatcherThread [stack: 0x000000000e2b0000,0x000000000e3b0000] [id=6660]

VM state:not at safepoint (normal execution)

VM Mutex/Monitor currently owned by a thread: None

Heap
 PSYoungGen      total 38400K, used 10685K [0x00000007d5a80000, 0x00000007d8500000, 0x0000000800000000)
  eden space 33280K, 32% used [0x00000007d5a80000,0x00000007d64ef450,0x00000007d7b00000)
  from space 5120K, 0% used [0x00000007d8000000,0x00000007d8000000,0x00000007d8500000)
  to   space 5120K, 0% used [0x00000007d7b00000,0x00000007d7b00000,0x00000007d8000000)
 ParOldGen       total 86528K, used 0K [0x0000000781000000, 0x0000000786480000, 0x00000007d5a80000)
  object space 86528K, 0% used [0x0000000781000000,0x0000000781000000,0x0000000786480000)
 PSPermGen       total 21504K, used 5194K [0x000000077be00000, 0x000000077d300000, 0x0000000781000000)
  object space 21504K, 24% used [0x000000077be00000,0x000000077c312ad8,0x000000077d300000)

Card table byte_map: [0x0000000005210000,0x0000000005640000] byte_map_base: 0x0000000001631000

Polling page: 0x00000000003a0000

Code Cache  [0x0000000002210000, 0x0000000002480000, 0x0000000005210000)
 total_blobs=251 nmethods=41 adapters=172 free_code_cache=48687Kb largest_free_block=49833536

Compilation events (10 events):
Event: 4.365 Thread 0x000000000bc74800 nmethod 33 0x0000000002285a10 code [0x0000000002285b60, 0x0000000002285f38]
Event: 4.365 Thread 0x000000000bc74800   38             java.lang.Character::isWhitespace (9 bytes)
Event: 4.365 Thread 0x000000000bc71000 nmethod 37 0x0000000002283f10 code [0x0000000002284060, 0x0000000002284138]
Event: 4.365 Thread 0x000000000bc71000   39             java.lang.CharacterDataLatin1::isWhitespace (23 bytes)
Event: 4.366 Thread 0x000000000bc71000 nmethod 39 0x0000000002282390 code [0x00000000022824c0, 0x0000000002282578]
Event: 4.366 Thread 0x000000000bc71000   40             sun.reflect.generics.parser.SignatureParser::parseIdentifier (115 bytes)
Event: 4.367 Thread 0x000000000bc74800 nmethod 38 0x00000000022855d0 code [0x0000000002285720, 0x0000000002285878]
Event: 4.369 Thread 0x000000000bc74800   41             java.lang.StringBuilder::append (8 bytes)
Event: 4.369 Thread 0x000000000bc74800 nmethod 41 0x0000000002285350 code [0x00000000022854a0, 0x0000000002285528]
Event: 4.379 Thread 0x000000000bc71000 nmethod 40 0x0000000002286810 code [0x00000000022869c0, 0x00000000022871d8]

GC Heap History (0 events):
No events

Deoptimization events (0 events):
No events

Internal exceptions (10 events):
Event: 4.139 Thread 0x0000000001f9e800 Threw 0x00000007d62acff0 at C:\re\jdk7u51\527\hotspot\src\share\vm\prims\jvm.cpp:1244
Event: 4.155 Thread 0x0000000001f9e800 Threw 0x00000007d62e2fe8 at C:\re\jdk7u51\527\hotspot\src\share\vm\prims\jvm.cpp:1244
Event: 4.183 Thread 0x0000000001f9e800 Threw 0x00000007d63726f0 at C:\re\jdk7u51\527\hotspot\src\share\vm\prims\jvm.cpp:1244
Event: 4.184 Thread 0x0000000001f9e800 Threw 0x00000007d6385480 at C:\re\jdk7u51\527\hotspot\src\share\vm\prims\jvm.cpp:1244
Event: 4.187 Thread 0x0000000001f9e800 Threw 0x00000007d63987f0 at C:\re\jdk7u51\527\hotspot\src\share\vm\prims\jvm.cpp:1244
Event: 4.188 Thread 0x0000000001f9e800 Threw 0x00000007d639b468 at C:\re\jdk7u51\527\hotspot\src\share\vm\prims\jvm.cpp:1244
Event: 4.188 Thread 0x0000000001f9e800 Threw 0x00000007d639e8c0 at C:\re\jdk7u51\527\hotspot\src\share\vm\prims\jvm.cpp:1244
Event: 4.191 Thread 0x0000000001f9e800 Threw 0x00000007d63a7518 at C:\re\jdk7u51\527\hotspot\src\share\vm\prims\jvm.cpp:1244
Event: 4.265 Thread 0x0000000001f9e800 Threw 0x00000007d63ab708 at C:\re\jdk7u51\527\hotspot\src\share\vm\prims\jvm.cpp:1244
Event: 4.270 Thread 0x0000000001f9e800 Threw 0x00000007d63af048 at C:\re\jdk7u51\527\hotspot\src\share\vm\prims\jvm.cpp:1244

Events (10 events):
Event: 4.265 loading class 0x000000000beb2b30
Event: 4.265 loading class 0x000000000beb2b30 done
Event: 4.266 loading class 0x000000000bc9b490
Event: 4.266 loading class 0x000000000bc9b490 done
Event: 4.269 loading class 0x000000000a8a17b0
Event: 4.269 loading class 0x000000000a8a17b0 done
Event: 4.269 loading class 0x000000000a8c2ad0
Event: 4.269 loading class 0x000000000a8c2ad0 done
Event: 4.270 loading class 0x000000000bda88b0
Event: 4.270 loading class 0x000000000bda88b0 done


Dynamic libraries:
0x000000013f9c0000 - 0x000000013f9f3000 	C:\Program Files\Java\jre7\bin\javaw.exe
0x0000000077a40000 - 0x0000000077be9000 	C:\windows\SYSTEM32\ntdll.dll
0x0000000077820000 - 0x000000007793f000 	C:\windows\system32\kernel32.dll
0x000007fefd8f0000 - 0x000007fefd95c000 	C:\windows\system32\KERNELBASE.dll
0x000007feff290000 - 0x000007feff36b000 	C:\windows\system32\ADVAPI32.dll
0x000007fefeda0000 - 0x000007fefee3f000 	C:\windows\system32\msvcrt.dll
0x000007feff710000 - 0x000007feff72f000 	C:\windows\SYSTEM32\sechost.dll
0x000007fefee40000 - 0x000007fefef6d000 	C:\windows\system32\RPCRT4.dll
0x0000000077940000 - 0x0000000077a3a000 	C:\windows\system32\USER32.dll
0x000007feff220000 - 0x000007feff287000 	C:\windows\system32\GDI32.dll
0x000007fefdc30000 - 0x000007fefdc3e000 	C:\windows\system32\LPK.dll
0x000007feff840000 - 0x000007feff909000 	C:\windows\system32\USP10.dll
0x000007fefc3d0000 - 0x000007fefc5c4000 	C:\windows\WinSxS\amd64_microsoft.windows.common-controls_6595b64144ccf1df_6.0.7601.17514_none_fa396087175ac9ac\COMCTL32.dll
0x000007fefde20000 - 0x000007fefde91000 	C:\windows\system32\SHLWAPI.dll
0x000007feffb40000 - 0x000007feffb6e000 	C:\windows\system32\IMM32.DLL
0x000007fefec90000 - 0x000007fefed99000 	C:\windows\system32\MSCTF.dll
0x0000000060080000 - 0x0000000060152000 	C:\Program Files\Java\jre7\bin\msvcr100.dll
0x000000006ecb0000 - 0x000000006f479000 	C:\Program Files\Java\jre7\bin\server\jvm.dll
0x000007fef7680000 - 0x000007fef7689000 	C:\windows\system32\WSOCK32.dll
0x000007feff7d0000 - 0x000007feff81d000 	C:\windows\system32\WS2_32.dll
0x000007feff370000 - 0x000007feff378000 	C:\windows\system32\NSI.dll
0x000007fefb870000 - 0x000007fefb8ab000 	C:\windows\system32\WINMM.dll
0x0000000077c10000 - 0x0000000077c17000 	C:\windows\system32\PSAPI.DLL
0x0000000075340000 - 0x000000007534f000 	C:\Program Files\Java\jre7\bin\verify.dll
0x0000000070c20000 - 0x0000000070c48000 	C:\Program Files\Java\jre7\bin\java.dll
0x0000000062ff0000 - 0x0000000063025000 	C:\Program Files\Java\jre7\bin\jdwp.dll
0x0000000075350000 - 0x0000000075358000 	C:\Program Files\Java\jre7\bin\npt.dll
0x0000000075320000 - 0x0000000075335000 	C:\Program Files\Java\jre7\bin\zip.dll
0x0000000070be0000 - 0x0000000070be9000 	C:\Program Files\Java\jre7\bin\dt_socket.dll
0x000007fefb8b0000 - 0x000007fefb8c5000 	C:\windows\system32\NLAapi.dll
0x000007fef94d0000 - 0x000007fef94e5000 	C:\windows\system32\napinsp.dll
0x000007fef94b0000 - 0x000007fef94c9000 	C:\windows\system32\pnrpnsp.dll
0x000007fef94a0000 - 0x000007fef94b0000 	C:\windows\system32\wshbth.dll
0x000007fefd050000 - 0x000007fefd0a5000 	C:\windows\System32\mswsock.dll
0x000007fefced0000 - 0x000007fefcf2b000 	C:\windows\system32\DNSAPI.dll
0x000007fef9490000 - 0x000007fef949b000 	C:\windows\System32\winrnr.dll
0x000007fef9460000 - 0x000007fef948f000 	C:\Program Files\Common Files\Microsoft Shared\Windows Live\WLIDNSP.DLL
0x000007fefb550000 - 0x000007fefb577000 	C:\windows\system32\IPHLPAPI.DLL
0x000007fefb530000 - 0x000007fefb53b000 	C:\windows\system32\WINNSI.DLL
0x000007fefb310000 - 0x000007fefb363000 	C:\windows\System32\fwpuclnt.dll
0x000007fef88d0000 - 0x000007fef88d8000 	C:\windows\system32\rasadhlp.dll
0x000007fefc9e0000 - 0x000007fefc9e7000 	C:\windows\System32\wshtcpip.dll
0x000007fef6ac0000 - 0x000007fef6aee000 	C:\Users\ллл\Documents\GitHub\streamgpu\gpu_aparapi\aparapi_x86_64.dll
0x000007fefa9d0000 - 0x000007fefa9e6000 	C:\windows\system32\OpenCL.dll
0x000007fed6bf0000 - 0x000007fed87cb000 	C:\windows\system32\amdocl64.dll
0x000007fef9fd0000 - 0x000007fefa0ed000 	C:\windows\system32\OPENGL32.dll
0x000007fefa160000 - 0x000007fefa18d000 	C:\windows\system32\GLU32.dll
0x000007fef4600000 - 0x000007fef46f1000 	C:\windows\system32\DDRAW.dll
0x000007fefae70000 - 0x000007fefae78000 	C:\windows\system32\DCIMAN32.dll
0x000007fefdc40000 - 0x000007fefde17000 	C:\windows\system32\SETUPAPI.dll
0x000007fefd8b0000 - 0x000007fefd8e6000 	C:\windows\system32\CFGMGR32.dll
0x000007feff630000 - 0x000007feff707000 	C:\windows\system32\OLEAUT32.dll
0x000007feff010000 - 0x000007feff213000 	C:\windows\system32\ole32.dll
0x000007fefdbf0000 - 0x000007fefdc0a000 	C:\windows\system32\DEVOBJ.dll
0x000007fefbb60000 - 0x000007fefbb78000 	C:\windows\system32\dwmapi.dll
0x000007fefc790000 - 0x000007fefc8b5000 	C:\windows\system32\dbghelp.dll
0x000007fef6a90000 - 0x000007fef6ab9000 	C:\windows\system32\atig6txx.dll
0x000007fefc8c0000 - 0x000007fefc8cc000 	C:\windows\system32\VERSION.dll
0x000007fefdbb0000 - 0x000007fefdbea000 	C:\windows\system32\WINTRUST.dll
0x000007fefda10000 - 0x000007fefdb7c000 	C:\windows\system32\CRYPT32.dll
0x000007fefd880000 - 0x000007fefd88f000 	C:\windows\system32\MSASN1.dll
0x000000005adf0000 - 0x000000005b527000 	C:\windows\system32\atiumd6a.dll
0x000007fefa860000 - 0x000007fefa98f000 	C:\windows\system32\atiadlxx.dll
0x000007fefdf00000 - 0x000007fefec88000 	C:\windows\system32\SHELL32.dll
0x000007fefc250000 - 0x000007fefc37c000 	C:\windows\system32\PROPSYS.dll
0x000007fefdc10000 - 0x000007fefdc2e000 	C:\windows\system32\USERENV.dll
0x000007fefd870000 - 0x000007fefd87f000 	C:\windows\system32\profapi.dll
0x000007fefc9c0000 - 0x000007fefc9d1000 	C:\windows\system32\WTSAPI32.dll
0x000007fef6a60000 - 0x000007fef6a82000 	C:\windows\system32\IntelOpenCL64.dll
0x00000000675b0000 - 0x0000000067683000 	C:\windows\WinSxS\amd64_microsoft.vc90.crt_1fc8b3b9a1e18e3b_9.0.30729.6161_none_08e61857a83bc251\MSVCP90.dll
0x0000000067500000 - 0x00000000675a3000 	C:\windows\WinSxS\amd64_microsoft.vc90.crt_1fc8b3b9a1e18e3b_9.0.30729.6161_none_08e61857a83bc251\MSVCR90.dll
0x000007feed8e0000 - 0x000007feed988000 	C:\Program Files (x86)\Intel\OpenCL SDK\2.0\bin\x64\intelocl.dll
0x000007fed5a50000 - 0x000007fed6be6000 	C:\Program Files (x86)\Intel\OpenCL SDK\2.0\bin\x64\clang_compiler.dll
0x000007fef6b30000 - 0x000007fef6b45000 	C:\Program Files (x86)\Intel\OpenCL SDK\2.0\bin\x64\task_executor.dll
0x0000000180000000 - 0x000000018004b000 	C:\Program Files (x86)\Intel\OpenCL SDK\2.0\bin\x64\tbb.dll
0x000007fef5750000 - 0x000007fef57a6000 	C:\Program Files (x86)\Intel\OpenCL SDK\2.0\bin\x64\cpu_device.dll

VM Arguments:
jvm_args: -agentlib:jdwp=transport=dt_socket,suspend=y,address=localhost:65021 -Dfile.encoding=Cp1251 
java_command: org.stream_gpu.knn.aparapi.BucketSelect
Launcher Type: SUN_STANDARD

Environment Variables:
JAVA_HOME=C:\java\jdk
CLASSPATH=C:/HADOOP-0.22/hadoop-common-0.22.0.jar;C:/HADOOP-0.22/hadoop-hdfs-0.22.0.jar;C:/HADOOP-0.22/hadoop-hdfs-ant-0.22.0.jar;c:/HADOOP-0.22/hadoop-mapred-0.22.0.jar;C:/HADOOP-0.22/hadoop-mapred-tools-0.22.0.jar
USERNAME=ллл
OS=Windows_NT
PROCESSOR_IDENTIFIER=Intel64 Family 6 Model 30 Stepping 5, GenuineIntel



---------------  S Y S T E M  ---------------

OS: Windows 7 , 64 bit Build 7601 Service Pack 1

CPU:total 8 (4 cores per cpu, 2 threads per core) family 6 model 30 stepping 5, cmov, cx8, fxsr, mmx, sse, sse2, sse3, ssse3, sse4.1, sse4.2, popcnt, ht, tsc, tscinvbit

Memory: 4k page, physical 8319552k(4088212k free), swap 16637240k(10010032k free)

vm_info: Java HotSpot(TM) 64-Bit Server VM (24.51-b03) for windows-amd64 JRE (1.7.0_51-b13), built on Dec 18 2013 18:40:56 by "java_re" with unknown MS VC++:1600

time: Mon Aug 04 20:25:01 2014
elapsed time: 4 seconds

