#
# A fatal error has been detected by the Java Runtime Environment:
#
#  EXCEPTION_ACCESS_VIOLATION (0xc0000005) at pc=0x000000006ee9e161, pid=9844, tid=9440
#
# JRE version: Java(TM) SE Runtime Environment (7.0_51-b13) (build 1.7.0_51-b13)
# Java VM: Java HotSpot(TM) 64-Bit Server VM (24.51-b03 mixed mode windows-amd64 compressed oops)
# Problematic frame:
# V  [jvm.dll+0x1ee161]
#
# Failed to write core dump. Minidumps are not enabled by default on client versions of Windows
#
# If you would like to submit a bug report, please visit:
#   http://bugreport.sun.com/bugreport/crash.jsp
#

---------------  T H R E A D  ---------------

Current thread (0x000000000045e800):  JavaThread "main" [_thread_in_vm, id=9440, stack(0x0000000002140000,0x0000000002240000)]

siginfo: ExceptionCode=0xc0000005, reading address 0x000000003f800000

Registers:
RAX=0x000000003f800000, RBX=0x000000003f800000, RCX=0x0000000000000000, RDX=0x00000007d63c5cc8
RSP=0x000000000223eea0, RBP=0x000000000045e800, RSI=0x00000007d63c5cc8, RDI=0x0000000001eac0c8
R8 =0x000000003f800000, R9 =0x00000007d63c5cc8, R10=0x000000006f3f4c50, R11=0x000000000223efa0
R12=0x0000000000000000, R13=0x000000077c169f18, R14=0x000000000223f088, R15=0x000000000045e800
RIP=0x000000006ee9e161, EFLAGS=0x0000000000010206

Top of Stack: (sp=0x000000000223eea0)
0x000000000223eea0:   000000077c0b0ce0 000000003f800000
0x000000000223eeb0:   000000000045e800 000000000223ef10
0x000000000223eec0:   0000000002246314 0000000000000000
0x000000000223eed0:   000000000045e800 000000000223f088
0x000000000223eee0:   000000077c169f18 0000000000000000
0x000000000223eef0:   000000003f800000 000000006ee9ec2f
0x000000000223ef00:   00000007d63c5cc8 000000000223f008
0x000000000223ef10:   000000000045e800 0000000002259bf2
0x000000000223ef20:   00000000ef860f51 000000006ed49fc8
0x000000000223ef30:   000000000223efb8 000000000045e800
0x000000000223ef40:   000000000223ef40 0000000000000000
0x000000000223ef50:   000000000223ef98 000000077beaa188
0x000000000223ef60:   00000000022462b5 00000000022668de
0x000000000223ef70:   000000000045e800 000000077c16a138
0x000000000223ef80:   000000000223f008 00000000022462b5
0x000000000223ef90:   0000000000000000 00000000022668a6 

Instructions: (pc=0x000000006ee9e161)
0x000000006ee9e141:   05 c6 a3 50 00 33 c9 89 47 68 ff 15 7f e4 51 00
0x000000006ee9e151:   48 3b c3 0f 85 37 01 00 00 48 8b c3 48 83 e0 fd
0x000000006ee9e161:   48 8b 00 48 89 07 48 89 5f 18 4c 89 67 28 48 89
0x000000006ee9e171:   77 08 48 8b 06 48 85 c0 74 24 4c 8d 0d 8e 2a 39 


Register to memory mapping:

RAX=0x000000003f800000 is an unknown value
RBX=0x000000003f800000 is an unknown value
RCX=0x0000000000000000 is an unknown value
RDX=0x00000007d63c5cc8 is an oop
com.amd.aparapi.KernelRunner 
 - klass: 'com/amd/aparapi/KernelRunner'
RSP=0x000000000223eea0 is pointing into the stack for thread: 0x000000000045e800
RBP=0x000000000045e800 is a thread
RSI=0x00000007d63c5cc8 is an oop
com.amd.aparapi.KernelRunner 
 - klass: 'com/amd/aparapi/KernelRunner'
RDI=0x0000000001eac0c8 is an unknown value
R8 =0x000000003f800000 is an unknown value
R9 =0x00000007d63c5cc8 is an oop
com.amd.aparapi.KernelRunner 
 - klass: 'com/amd/aparapi/KernelRunner'
R10=0x000000006f3f4c50 is an unknown value
R11=0x000000000223efa0 is pointing into the stack for thread: 0x000000000045e800
R12=0x0000000000000000 is an unknown value
R13=0x000000077c169f18 is pointing into object: 0x000000077c1695c8
{constMethod} 
 - klass: {other class}
 - constants:       0x000000077c162f78 constant pool [1208] for 'com/amd/aparapi/KernelRunner' cache=0x000000077c16c538
 - stackmap data:       [B
bci_from(000000077C169F18) = 2320; print_codes():
R14=0x000000000223f088 is pointing into the stack for thread: 0x000000000045e800
R15=0x000000000045e800 is a thread


Stack: [0x0000000002140000,0x0000000002240000],  sp=0x000000000223eea0,  free space=1019k
Native frames: (J=compiled Java code, j=interpreted, Vv=VM code, C=native code)
V  [jvm.dll+0x1ee161]

Java frames: (J=compiled Java code, j=interpreted, Vv=VM code)
j  com.amd.aparapi.KernelRunner.execute(Ljava/lang/String;Lcom/amd/aparapi/Range;I)Lcom/amd/aparapi/Kernel;+2320
j  com.amd.aparapi.Kernel.execute(Ljava/lang/String;Lcom/amd/aparapi/Range;I)Lcom/amd/aparapi/Kernel;+26
j  com.amd.aparapi.Kernel.execute(Lcom/amd/aparapi/Range;I)Lcom/amd/aparapi/Kernel;+5
j  com.amd.aparapi.Kernel.execute(Lcom/amd/aparapi/Range;)Lcom/amd/aparapi/Kernel;+3
j  org.stream_gpu.knn.aparapi.BucketSelect.select(Lcom/amd/aparapi/Device;[FI)[F+220
j  org.stream_gpu.knn.aparapi.BucketSelect.main([Ljava/lang/String;)V+60
v  ~StubRoutines::call_stub

---------------  P R O C E S S  ---------------

Java Threads: ( => current thread )
  0x000000000bc66800 JavaThread "Service Thread" daemon [_thread_blocked, id=9788, stack(0x000000000db90000,0x000000000dc90000)]
  0x000000000bc5c800 JavaThread "C2 CompilerThread1" daemon [_thread_blocked, id=11616, stack(0x000000000e140000,0x000000000e240000)]
  0x000000000bc58000 JavaThread "C2 CompilerThread0" daemon [_thread_blocked, id=11940, stack(0x000000000e020000,0x000000000e120000)]
  0x000000000bc44800 JavaThread "JDWP Command Reader" daemon [_thread_in_native, id=11712, stack(0x000000000dde0000,0x000000000dee0000)]
  0x000000000bc43800 JavaThread "JDWP Event Helper Thread" daemon [_thread_blocked, id=5924, stack(0x000000000dcb0000,0x000000000ddb0000)]
  0x000000000bc3c800 JavaThread "JDWP Transport Listener: dt_socket" daemon [_thread_blocked, id=8148, stack(0x000000000da50000,0x000000000db50000)]
  0x000000000aec5000 JavaThread "Attach Listener" daemon [_thread_blocked, id=7528, stack(0x000000000d360000,0x000000000d460000)]
  0x000000000aec4000 JavaThread "Signal Dispatcher" daemon [_thread_blocked, id=10588, stack(0x000000000d1c0000,0x000000000d2c0000)]
  0x0000000001eae000 JavaThread "Finalizer" daemon [_thread_blocked, id=11176, stack(0x000000000d020000,0x000000000d120000)]
  0x0000000001ea7800 JavaThread "Reference Handler" daemon [_thread_blocked, id=8348, stack(0x000000000cea0000,0x000000000cfa0000)]
=>0x000000000045e800 JavaThread "main" [_thread_in_vm, id=9440, stack(0x0000000002140000,0x0000000002240000)]

Other Threads:
  0x000000000aeac800 VMThread [stack: 0x000000000cc30000,0x000000000cd30000] [id=10464]
  0x000000000bc6f000 WatcherThread [stack: 0x000000000e2b0000,0x000000000e3b0000] [id=11376]

VM state:not at safepoint (normal execution)

VM Mutex/Monitor currently owned by a thread: None

Heap
 PSYoungGen      total 38400K, used 10684K [0x00000007d5a80000, 0x00000007d8500000, 0x0000000800000000)
  eden space 33280K, 32% used [0x00000007d5a80000,0x00000007d64ef3f8,0x00000007d7b00000)
  from space 5120K, 0% used [0x00000007d8000000,0x00000007d8000000,0x00000007d8500000)
  to   space 5120K, 0% used [0x00000007d7b00000,0x00000007d7b00000,0x00000007d8000000)
 ParOldGen       total 86528K, used 0K [0x0000000781000000, 0x0000000786480000, 0x00000007d5a80000)
  object space 86528K, 0% used [0x0000000781000000,0x0000000781000000,0x0000000786480000)
 PSPermGen       total 21504K, used 5194K [0x000000077be00000, 0x000000077d300000, 0x0000000781000000)
  object space 21504K, 24% used [0x000000077be00000,0x000000077c312b48,0x000000077d300000)

Card table byte_map: [0x0000000005240000,0x0000000005670000] byte_map_base: 0x0000000001661000

Polling page: 0x0000000000130000

Code Cache  [0x0000000002240000, 0x00000000024b0000, 0x0000000005240000)
 total_blobs=251 nmethods=41 adapters=172 free_code_cache=48687Kb largest_free_block=49833536

Compilation events (10 events):
Event: 4.064 Thread 0x000000000bc5c800 nmethod 33 0x00000000022b5a10 code [0x00000000022b5b60, 0x00000000022b5f38]
Event: 4.064 Thread 0x000000000bc5c800   38             java.lang.Character::isWhitespace (9 bytes)
Event: 4.065 Thread 0x000000000bc58000 nmethod 37 0x00000000022b3f10 code [0x00000000022b4060, 0x00000000022b4138]
Event: 4.065 Thread 0x000000000bc58000   39             java.lang.CharacterDataLatin1::isWhitespace (23 bytes)
Event: 4.066 Thread 0x000000000bc58000 nmethod 39 0x00000000022b2390 code [0x00000000022b24c0, 0x00000000022b2578]
Event: 4.066 Thread 0x000000000bc58000   40             sun.reflect.generics.parser.SignatureParser::parseIdentifier (115 bytes)
Event: 4.066 Thread 0x000000000bc5c800 nmethod 38 0x00000000022b55d0 code [0x00000000022b5720, 0x00000000022b5878]
Event: 4.068 Thread 0x000000000bc5c800   41             java.lang.StringBuilder::append (8 bytes)
Event: 4.069 Thread 0x000000000bc5c800 nmethod 41 0x00000000022b5350 code [0x00000000022b54a0, 0x00000000022b5528]
Event: 4.079 Thread 0x000000000bc58000 nmethod 40 0x00000000022b6810 code [0x00000000022b69c0, 0x00000000022b71d8]

GC Heap History (0 events):
No events

Deoptimization events (0 events):
No events

Internal exceptions (10 events):
Event: 3.828 Thread 0x000000000045e800 Threw 0x00000007d62acff0 at C:\re\jdk7u51\527\hotspot\src\share\vm\prims\jvm.cpp:1244
Event: 3.844 Thread 0x000000000045e800 Threw 0x00000007d62e2fe8 at C:\re\jdk7u51\527\hotspot\src\share\vm\prims\jvm.cpp:1244
Event: 3.870 Thread 0x000000000045e800 Threw 0x00000007d63726f0 at C:\re\jdk7u51\527\hotspot\src\share\vm\prims\jvm.cpp:1244
Event: 3.872 Thread 0x000000000045e800 Threw 0x00000007d6385480 at C:\re\jdk7u51\527\hotspot\src\share\vm\prims\jvm.cpp:1244
Event: 3.874 Thread 0x000000000045e800 Threw 0x00000007d63987f0 at C:\re\jdk7u51\527\hotspot\src\share\vm\prims\jvm.cpp:1244
Event: 3.875 Thread 0x000000000045e800 Threw 0x00000007d639b468 at C:\re\jdk7u51\527\hotspot\src\share\vm\prims\jvm.cpp:1244
Event: 3.876 Thread 0x000000000045e800 Threw 0x00000007d639e8c0 at C:\re\jdk7u51\527\hotspot\src\share\vm\prims\jvm.cpp:1244
Event: 3.878 Thread 0x000000000045e800 Threw 0x00000007d63a7518 at C:\re\jdk7u51\527\hotspot\src\share\vm\prims\jvm.cpp:1244
Event: 3.951 Thread 0x000000000045e800 Threw 0x00000007d63ab708 at C:\re\jdk7u51\527\hotspot\src\share\vm\prims\jvm.cpp:1244
Event: 3.956 Thread 0x000000000045e800 Threw 0x00000007d63af048 at C:\re\jdk7u51\527\hotspot\src\share\vm\prims\jvm.cpp:1244

Events (10 events):
Event: 3.951 loading class 0x000000000be0bc70
Event: 3.951 loading class 0x000000000be0bc70 done
Event: 3.952 loading class 0x000000000bc90040
Event: 3.952 loading class 0x000000000bc90040 done
Event: 3.955 loading class 0x000000000acd17b0
Event: 3.956 loading class 0x000000000acd17b0 done
Event: 3.956 loading class 0x000000000acf2ad0
Event: 3.956 loading class 0x000000000acf2ad0 done
Event: 3.956 loading class 0x000000000bd8c050
Event: 3.956 loading class 0x000000000bd8c050 done


Dynamic libraries:
0x000000013fde0000 - 0x000000013fe13000 	C:\Program Files\Java\jre7\bin\javaw.exe
0x0000000077a40000 - 0x0000000077be9000 	C:\windows\SYSTEM32\ntdll.dll
0x0000000077820000 - 0x000000007793f000 	C:\windows\system32\kernel32.dll
0x000007fefd8f0000 - 0x000007fefd95c000 	C:\windows\system32\KERNELBASE.dll
0x000007feff290000 - 0x000007feff36b000 	C:\windows\system32\ADVAPI32.dll
0x000007fefeda0000 - 0x000007fefee3f000 	C:\windows\system32\msvcrt.dll
0x000007feff710000 - 0x000007feff72f000 	C:\windows\SYSTEM32\sechost.dll
0x000007fefee40000 - 0x000007fefef6d000 	C:\windows\system32\RPCRT4.dll
0x0000000077940000 - 0x0000000077a3a000 	C:\windows\system32\USER32.dll
0x000007feff220000 - 0x000007feff287000 	C:\windows\system32\GDI32.dll
0x000007fefdc30000 - 0x000007fefdc3e000 	C:\windows\system32\LPK.dll
0x000007feff840000 - 0x000007feff909000 	C:\windows\system32\USP10.dll
0x000007fefc3d0000 - 0x000007fefc5c4000 	C:\windows\WinSxS\amd64_microsoft.windows.common-controls_6595b64144ccf1df_6.0.7601.17514_none_fa396087175ac9ac\COMCTL32.dll
0x000007fefde20000 - 0x000007fefde91000 	C:\windows\system32\SHLWAPI.dll
0x000007feffb40000 - 0x000007feffb6e000 	C:\windows\system32\IMM32.DLL
0x000007fefec90000 - 0x000007fefed99000 	C:\windows\system32\MSCTF.dll
0x0000000060080000 - 0x0000000060152000 	C:\Program Files\Java\jre7\bin\msvcr100.dll
0x000000006ecb0000 - 0x000000006f479000 	C:\Program Files\Java\jre7\bin\server\jvm.dll
0x000007fef7680000 - 0x000007fef7689000 	C:\windows\system32\WSOCK32.dll
0x000007feff7d0000 - 0x000007feff81d000 	C:\windows\system32\WS2_32.dll
0x000007feff370000 - 0x000007feff378000 	C:\windows\system32\NSI.dll
0x000007fefb870000 - 0x000007fefb8ab000 	C:\windows\system32\WINMM.dll
0x0000000077c10000 - 0x0000000077c17000 	C:\windows\system32\PSAPI.DLL
0x0000000075340000 - 0x000000007534f000 	C:\Program Files\Java\jre7\bin\verify.dll
0x0000000070c20000 - 0x0000000070c48000 	C:\Program Files\Java\jre7\bin\java.dll
0x000000005e810000 - 0x000000005e845000 	C:\Program Files\Java\jre7\bin\jdwp.dll
0x0000000075350000 - 0x0000000075358000 	C:\Program Files\Java\jre7\bin\npt.dll
0x0000000075320000 - 0x0000000075335000 	C:\Program Files\Java\jre7\bin\zip.dll
0x0000000070be0000 - 0x0000000070be9000 	C:\Program Files\Java\jre7\bin\dt_socket.dll
0x000007fefb8b0000 - 0x000007fefb8c5000 	C:\windows\system32\NLAapi.dll
0x000007fef94d0000 - 0x000007fef94e5000 	C:\windows\system32\napinsp.dll
0x000007fef94b0000 - 0x000007fef94c9000 	C:\windows\system32\pnrpnsp.dll
0x000007fef94a0000 - 0x000007fef94b0000 	C:\windows\system32\wshbth.dll
0x000007fefd050000 - 0x000007fefd0a5000 	C:\windows\System32\mswsock.dll
0x000007fefced0000 - 0x000007fefcf2b000 	C:\windows\system32\DNSAPI.dll
0x000007fef9490000 - 0x000007fef949b000 	C:\windows\System32\winrnr.dll
0x000007fef9460000 - 0x000007fef948f000 	C:\Program Files\Common Files\Microsoft Shared\Windows Live\WLIDNSP.DLL
0x000007fefb550000 - 0x000007fefb577000 	C:\windows\system32\IPHLPAPI.DLL
0x000007fefb530000 - 0x000007fefb53b000 	C:\windows\system32\WINNSI.DLL
0x000007fefb310000 - 0x000007fefb363000 	C:\windows\System32\fwpuclnt.dll
0x000007fef88d0000 - 0x000007fef88d8000 	C:\windows\system32\rasadhlp.dll
0x000007fefc9e0000 - 0x000007fefc9e7000 	C:\windows\System32\wshtcpip.dll
0x000007fef5670000 - 0x000007fef569e000 	C:\Users\ллл\Documents\GitHub\streamgpu\gpu_aparapi\aparapi_x86_64.dll
0x000007fef6b30000 - 0x000007fef6b46000 	C:\windows\system32\OpenCL.dll
0x000007fed6bf0000 - 0x000007fed87cb000 	C:\windows\system32\amdocl64.dll
0x000007fef9fd0000 - 0x000007fefa0ed000 	C:\windows\system32\OPENGL32.dll
0x000007fefa160000 - 0x000007fefa18d000 	C:\windows\system32\GLU32.dll
0x000007fef4600000 - 0x000007fef46f1000 	C:\windows\system32\DDRAW.dll
0x000007fefae70000 - 0x000007fefae78000 	C:\windows\system32\DCIMAN32.dll
0x000007fefdc40000 - 0x000007fefde17000 	C:\windows\system32\SETUPAPI.dll
0x000007fefd8b0000 - 0x000007fefd8e6000 	C:\windows\system32\CFGMGR32.dll
0x000007feff630000 - 0x000007feff707000 	C:\windows\system32\OLEAUT32.dll
0x000007feff010000 - 0x000007feff213000 	C:\windows\system32\ole32.dll
0x000007fefdbf0000 - 0x000007fefdc0a000 	C:\windows\system32\DEVOBJ.dll
0x000007fefbb60000 - 0x000007fefbb78000 	C:\windows\system32\dwmapi.dll
0x000007fefc790000 - 0x000007fefc8b5000 	C:\windows\system32\dbghelp.dll
0x000007fef6220000 - 0x000007fef6249000 	C:\windows\system32\atig6txx.dll
0x000007fefc8c0000 - 0x000007fefc8cc000 	C:\windows\system32\VERSION.dll
0x000007fefdbb0000 - 0x000007fefdbea000 	C:\windows\system32\WINTRUST.dll
0x000007fefda10000 - 0x000007fefdb7c000 	C:\windows\system32\CRYPT32.dll
0x000007fefd880000 - 0x000007fefd88f000 	C:\windows\system32\MSASN1.dll
0x000000005adf0000 - 0x000000005b527000 	C:\windows\system32\atiumd6a.dll
0x000007fefa860000 - 0x000007fefa98f000 	C:\windows\system32\atiadlxx.dll
0x000007fefdf00000 - 0x000007fefec88000 	C:\windows\system32\SHELL32.dll
0x000007fefc250000 - 0x000007fefc37c000 	C:\windows\system32\PROPSYS.dll
0x000007fefdc10000 - 0x000007fefdc2e000 	C:\windows\system32\USERENV.dll
0x000007fefd870000 - 0x000007fefd87f000 	C:\windows\system32\profapi.dll
0x000007fefc9c0000 - 0x000007fefc9d1000 	C:\windows\system32\WTSAPI32.dll
0x000007fef4f70000 - 0x000007fef4f92000 	C:\windows\system32\IntelOpenCL64.dll
0x00000000675b0000 - 0x0000000067683000 	C:\windows\WinSxS\amd64_microsoft.vc90.crt_1fc8b3b9a1e18e3b_9.0.30729.6161_none_08e61857a83bc251\MSVCP90.dll
0x0000000067500000 - 0x00000000675a3000 	C:\windows\WinSxS\amd64_microsoft.vc90.crt_1fc8b3b9a1e18e3b_9.0.30729.6161_none_08e61857a83bc251\MSVCR90.dll
0x000007feed8e0000 - 0x000007feed988000 	C:\Program Files (x86)\Intel\OpenCL SDK\2.0\bin\x64\intelocl.dll
0x000007fed5a50000 - 0x000007fed6be6000 	C:\Program Files (x86)\Intel\OpenCL SDK\2.0\bin\x64\clang_compiler.dll
0x000007fef6a50000 - 0x000007fef6a65000 	C:\Program Files (x86)\Intel\OpenCL SDK\2.0\bin\x64\task_executor.dll
0x0000000180000000 - 0x000000018004b000 	C:\Program Files (x86)\Intel\OpenCL SDK\2.0\bin\x64\tbb.dll
0x000007fef4340000 - 0x000007fef4396000 	C:\Program Files (x86)\Intel\OpenCL SDK\2.0\bin\x64\cpu_device.dll

VM Arguments:
jvm_args: -agentlib:jdwp=transport=dt_socket,suspend=y,address=localhost:49562 -Dfile.encoding=Cp1251 
java_command: org.stream_gpu.knn.aparapi.BucketSelect
Launcher Type: SUN_STANDARD

Environment Variables:
JAVA_HOME=C:\java\jdk
CLASSPATH=C:/HADOOP-0.22/hadoop-common-0.22.0.jar;C:/HADOOP-0.22/hadoop-hdfs-0.22.0.jar;C:/HADOOP-0.22/hadoop-hdfs-ant-0.22.0.jar;c:/HADOOP-0.22/hadoop-mapred-0.22.0.jar;C:/HADOOP-0.22/hadoop-mapred-tools-0.22.0.jar
USERNAME=ллл
OS=Windows_NT
PROCESSOR_IDENTIFIER=Intel64 Family 6 Model 30 Stepping 5, GenuineIntel



---------------  S Y S T E M  ---------------

OS: Windows 7 , 64 bit Build 7601 Service Pack 1

CPU:total 8 (4 cores per cpu, 2 threads per core) family 6 model 30 stepping 5, cmov, cx8, fxsr, mmx, sse, sse2, sse3, ssse3, sse4.1, sse4.2, popcnt, ht, tsc, tscinvbit

Memory: 4k page, physical 8319552k(3953240k free), swap 16637240k(9910028k free)

vm_info: Java HotSpot(TM) 64-Bit Server VM (24.51-b03) for windows-amd64 JRE (1.7.0_51-b13), built on Dec 18 2013 18:40:56 by "java_re" with unknown MS VC++:1600

time: Mon Aug 04 21:33:47 2014
elapsed time: 4 seconds

